\BOOKMARK [0][-]{chapter*.1}{\376\377\000D\000e\000d\000i\000c\000a\000t\000i\000o\000n}{}% 1
\BOOKMARK [0][-]{chapter*.2}{\376\377\000A\000c\000k\000n\000o\000w\000l\000e\000d\000g\000e\000m\000e\000n\000t\000s}{}% 2
\BOOKMARK [0][-]{chapter*.3}{\376\377\000A\000b\000s\000t\000r\000a\000c\000t}{}% 3
\BOOKMARK [0][-]{chapter*.4}{\376\377\000S\000u\000m\000m\000a\000r\000y}{}% 4
\BOOKMARK [0][-]{chapter*.5}{\376\377\000L\000i\000s\000t\000e\000\040\000d\000e\000s\000\040\000t\000a\000b\000l\000e\000a\000u\000x}{}% 5
\BOOKMARK [0][-]{chapter*.6}{\376\377\000T\000a\000b\000l\000e\000\040\000d\000e\000s\000\040\000f\000i\000g\000u\000r\000e\000s}{}% 6
\BOOKMARK [0][-]{chapter*.8}{\376\377\000L\000i\000s\000t\000\040\000o\000f\000\040\000A\000b\000b\000r\000e\000v\000i\000a\000t\000i\000o\000n\000s}{}% 7
\BOOKMARK [0][-]{chapter*.9}{\376\377\000G\000e\000n\000e\000r\000a\000l\000\040\000I\000n\000t\000r\000o\000d\000u\000c\000t\000i\000o\000n}{}% 8
\BOOKMARK [0][-]{chapter.1}{\376\377\000G\000e\000n\000e\000r\000a\000l\000\040\000P\000r\000o\000j\000e\000c\000t\000\040\000P\000r\000e\000s\000e\000n\000t\000a\000t\000i\000o\000n}{}% 9
\BOOKMARK [1][-]{section*.10}{\376\377\000I\000n\000t\000r\000o\000d\000u\000c\000t\000i\000o\000n}{chapter.1}% 10
\BOOKMARK [1][-]{section.1.1}{\376\377\000P\000r\000e\000s\000e\000n\000t\000a\000t\000i\000o\000n\000\040\000o\000f\000\040\000t\000h\000e\000\040\000H\000o\000s\000t\000\040\000O\000r\000g\000a\000n\000i\000z\000a\000t\000i\000o\000n}{chapter.1}% 11
\BOOKMARK [2][-]{subsection.1.1.1}{\376\377\000B\000V\000I\000R\000A\000L\000\040\000M\000e\000d\000i\000a\000\040\000I\000n\000c\000.}{section.1.1}% 12
\BOOKMARK [2][-]{subsection.1.1.2}{\376\377\000T\000e\000c\000h\000n\000i\000c\000a\000l\000\040\000E\000n\000v\000i\000r\000o\000n\000m\000e\000n\000t\000\040\000B\000e\000f\000o\000r\000e\000\040\000T\000h\000i\000s\000\040\000P\000r\000o\000j\000e\000c\000t}{section.1.1}% 13
\BOOKMARK [1][-]{section.1.2}{\376\377\000P\000r\000o\000j\000e\000c\000t\000\040\000P\000r\000e\000s\000e\000n\000t\000a\000t\000i\000o\000n}{chapter.1}% 14
\BOOKMARK [2][-]{subsection.1.2.1}{\376\377\000O\000b\000j\000e\000c\000t\000i\000v\000e\000s}{section.1.2}% 15
\BOOKMARK [2][-]{subsection.1.2.2}{\376\377\000P\000r\000o\000b\000l\000e\000m\000\040\000D\000i\000m\000e\000n\000s\000i\000o\000n\000s}{section.1.2}% 16
\BOOKMARK [2][-]{subsection.1.2.3}{\376\377\000P\000r\000o\000p\000o\000s\000e\000d\000\040\000S\000o\000l\000u\000t\000i\000o\000n\000\040\000O\000v\000e\000r\000v\000i\000e\000w}{section.1.2}% 17
\BOOKMARK [1][-]{section.1.3}{\376\377\000S\000t\000u\000d\000y\000\040\000o\000f\000\040\000E\000x\000i\000s\000t\000i\000n\000g\000\040\000S\000o\000l\000u\000t\000i\000o\000n\000s}{chapter.1}% 18
\BOOKMARK [2][-]{subsection.1.3.1}{\376\377\000C\000o\000m\000p\000e\000t\000i\000n\000g\000\040\000P\000l\000a\000t\000f\000o\000r\000m\000s}{section.1.3}% 19
\BOOKMARK [1][-]{section.1.4}{\376\377\000W\000o\000r\000k\000i\000n\000g\000\040\000M\000e\000t\000h\000o\000d\000o\000l\000o\000g\000y}{chapter.1}% 20
\BOOKMARK [2][-]{subsection.1.4.1}{\376\377\000A\000g\000i\000l\000e\000\040\000A\000p\000p\000r\000o\000a\000c\000h\000:\000\040\000S\000c\000r\000u\000m\000-\000I\000n\000s\000p\000i\000r\000e\000d\000\040\000S\000p\000r\000i\000n\000t\000s}{section.1.4}% 21
\BOOKMARK [2][-]{subsection.1.4.2}{\376\377\000M\000o\000d\000e\000l\000i\000n\000g\000\040\000L\000a\000n\000g\000u\000a\000g\000e\000:\000\040\000U\000M\000L}{section.1.4}% 22
\BOOKMARK [1][-]{section.1.5}{\376\377\000S\000p\000r\000i\000n\000t\000\040\000P\000l\000a\000n\000n\000i\000n\000g}{chapter.1}% 23
\BOOKMARK [1][-]{section.1.6}{\376\377\000P\000r\000o\000j\000e\000c\000t\000\040\000T\000i\000m\000e\000l\000i\000n\000e}{chapter.1}% 24
\BOOKMARK [1][-]{figure.caption.16}{\376\377\000C\000o\000n\000c\000l\000u\000s\000i\000o\000n}{chapter.1}% 25
\BOOKMARK [0][-]{chapter.2}{\376\377\000R\000e\000q\000u\000i\000r\000e\000m\000e\000n\000t\000s\000\040\000S\000p\000e\000c\000i\000f\000i\000c\000a\000t\000i\000o\000n\000\040\000\050\000S\000p\000r\000i\000n\000t\000\040\0000\000\051}{}% 26
\BOOKMARK [1][-]{section*.17}{\376\377\000I\000n\000t\000r\000o\000d\000u\000c\000t\000i\000o\000n}{chapter.2}% 27
\BOOKMARK [1][-]{section.2.1}{\376\377\000S\000y\000s\000t\000e\000m\000\040\000A\000c\000t\000o\000r\000s}{chapter.2}% 28
\BOOKMARK [1][-]{section.2.2}{\376\377\000F\000u\000n\000c\000t\000i\000o\000n\000a\000l\000\040\000R\000e\000q\000u\000i\000r\000e\000m\000e\000n\000t\000s}{chapter.2}% 29
\BOOKMARK [2][-]{subsection.2.2.1}{\376\377\000V\000i\000d\000e\000o\000\040\000S\000e\000a\000r\000c\000h\000\040\000P\000o\000r\000t\000a\000l}{section.2.2}% 30
\BOOKMARK [2][-]{subsection.2.2.2}{\376\377\000A\000u\000t\000h\000e\000n\000t\000i\000c\000\040\000R\000i\000g\000h\000t\000s\000\040\000P\000o\000r\000t\000a\000l\000\040\000\050\000O\000n\000b\000o\000a\000r\000d\000i\000n\000g\000\040\000a\000n\000d\000\040\000D\000a\000s\000h\000b\000o\000a\000r\000d\000\051}{section.2.2}% 31
\BOOKMARK [2][-]{subsection.2.2.3}{\376\377\000A\000g\000e\000n\000t\000i\000c\000\040\000H\000e\000l\000p\000e\000r}{section.2.2}% 32
\BOOKMARK [1][-]{section.2.3}{\376\377\000N\000o\000n\000-\000F\000u\000n\000c\000t\000i\000o\000n\000a\000l\000\040\000R\000e\000q\000u\000i\000r\000e\000m\000e\000n\000t\000s}{chapter.2}% 33
\BOOKMARK [1][-]{section.2.4}{\376\377\000U\000s\000e\000-\000C\000a\000s\000e\000\040\000D\000i\000a\000g\000r\000a\000m\000s}{chapter.2}% 34
\BOOKMARK [2][-]{subsection.2.4.1}{\376\377\000G\000l\000o\000b\000a\000l\000\040\000U\000s\000e\000-\000C\000a\000s\000e\000\040\000D\000i\000a\000g\000r\000a\000m}{section.2.4}% 35
\BOOKMARK [1][-]{section.2.5}{\376\377\000P\000r\000o\000d\000u\000c\000t\000\040\000B\000a\000c\000k\000l\000o\000g}{chapter.2}% 36
\BOOKMARK [1][-]{section.2.6}{\376\377\000W\000o\000r\000k\000\040\000T\000o\000o\000l\000s}{chapter.2}% 37
\BOOKMARK [2][-]{subsection.2.6.1}{\376\377\000F\000r\000a\000m\000e\000w\000o\000r\000k\000s\000\040\000a\000n\000d\000\040\000L\000i\000b\000r\000a\000r\000i\000e\000s}{section.2.6}% 38
\BOOKMARK [2][-]{subsection.2.6.2}{\376\377\000P\000r\000o\000g\000r\000a\000m\000m\000i\000n\000g\000\040\000L\000a\000n\000g\000u\000a\000g\000e\000s}{section.2.6}% 39
\BOOKMARK [2][-]{subsection.2.6.3}{\376\377\000T\000o\000o\000l\000s\000\040\000U\000s\000e\000d}{section.2.6}% 40
\BOOKMARK [1][-]{section.2.7}{\376\377\000G\000e\000n\000e\000r\000a\000l\000\040\000A\000r\000c\000h\000i\000t\000e\000c\000t\000u\000r\000e}{chapter.2}% 41
\BOOKMARK [1][-]{section.2.8}{\376\377\000S\000t\000a\000t\000i\000c\000\040\000D\000e\000s\000i\000g\000n\000:\000\040\000C\000l\000a\000s\000s\000\040\000D\000i\000a\000g\000r\000a\000m}{chapter.2}% 42
\BOOKMARK [2][-]{subsection.2.8.1}{\376\377\000A\000R\000-\000A\000P\000I\000\040\000P\000o\000s\000t\000g\000r\000e\000S\000Q\000L\000\040\000S\000c\000h\000e\000m\000a}{section.2.8}% 43
\BOOKMARK [1][-]{figure.caption.41}{\376\377\000C\000o\000n\000c\000l\000u\000s\000i\000o\000n}{chapter.2}% 44
\BOOKMARK [0][-]{chapter.3}{\376\377\000S\000p\000r\000i\000n\000t\000\040\0001\000\040\040\024\000\040\000A\000u\000t\000h\000e\000n\000t\000i\000c\000a\000t\000i\000o\000n\000,\000\040\000O\000n\000b\000o\000a\000r\000d\000i\000n\000g\000\040\000a\000n\000d\000\040\000P\000a\000y\000m\000e\000n\000t\000s}{}% 45
\BOOKMARK [1][-]{section*.42}{\376\377\000I\000n\000t\000r\000o\000d\000u\000c\000t\000i\000o\000n}{chapter.3}% 46
\BOOKMARK [1][-]{section.3.1}{\376\377\000S\000p\000r\000i\000n\000t\000\040\000B\000a\000c\000k\000l\000o\000g}{chapter.3}% 47
\BOOKMARK [1][-]{section.3.2}{\376\377\000D\000e\000s\000i\000g\000n}{chapter.3}% 48
\BOOKMARK [2][-]{subsection.3.2.1}{\376\377\000U\000s\000e\000\040\000C\000a\000s\000e\000\040\000D\000i\000a\000g\000r\000a\000m\000\040\000f\000o\000r\000\040\000S\000p\000r\000i\000n\000t\000\040\0001}{section.3.2}% 49
\BOOKMARK [2][-]{subsection.3.2.2}{\376\377\000C\000l\000a\000s\000s\000\040\000D\000i\000a\000g\000r\000a\000m\000\040\000f\000o\000r\000\040\000S\000p\000r\000i\000n\000t\000\040\0001}{section.3.2}% 50
\BOOKMARK [2][-]{subsection.3.2.3}{\376\377\000S\000e\000q\000u\000e\000n\000c\000e\000\040\000D\000i\000a\000g\000r\000a\000m\000s}{section.3.2}% 51
\BOOKMARK [1][-]{section.3.3}{\376\377\000I\000m\000p\000l\000e\000m\000e\000n\000t\000a\000t\000i\000o\000n}{chapter.3}% 52
\BOOKMARK [2][-]{subsection.3.3.1}{\376\377\000F\000a\000s\000t\000A\000P\000I\000\040\000L\000a\000y\000e\000r\000e\000d\000\040\000M\000o\000d\000u\000l\000e\000\040\000S\000t\000r\000u\000c\000t\000u\000r\000e}{section.3.3}% 53
\BOOKMARK [2][-]{subsection.3.3.2}{\376\377\000C\000l\000e\000r\000k\000\040\000A\000u\000t\000h\000e\000n\000t\000i\000c\000a\000t\000i\000o\000n}{section.3.3}% 54
\BOOKMARK [2][-]{subsection.3.3.3}{\376\377\000O\000n\000b\000o\000a\000r\000d\000i\000n\000g\000\040\000S\000t\000a\000t\000e\000\040\000M\000a\000c\000h\000i\000n\000e\000\040\000a\000n\000d\000\040\000C\000h\000a\000n\000n\000e\000l\000\040\000S\000u\000b\000m\000i\000s\000s\000i\000o\000n}{section.3.3}% 55
\BOOKMARK [2][-]{subsection.3.3.4}{\376\377\000S\000t\000r\000i\000p\000e\000\040\000E\000m\000b\000e\000d\000d\000e\000d\000\040\000C\000h\000e\000c\000k\000o\000u\000t\000\040\000a\000n\000d\000\040\000W\000e\000b\000h\000o\000o\000k\000\040\000S\000e\000c\000u\000r\000i\000t\000y}{section.3.3}% 56
\BOOKMARK [2][-]{subsection.3.3.5}{\376\377\000C\000e\000l\000e\000r\000y\000\040\000N\000o\000t\000i\000f\000i\000c\000a\000t\000i\000o\000n\000s\000\040\000P\000i\000p\000e\000l\000i\000n\000e}{section.3.3}% 57
\BOOKMARK [2][-]{subsection.3.3.6}{\376\377\000D\000e\000l\000i\000v\000e\000r\000e\000d\000\040\000I\000n\000t\000e\000r\000f\000a\000c\000e\000s}{section.3.3}% 58
\BOOKMARK [1][-]{figure.caption.55}{\376\377\000C\000o\000n\000c\000l\000u\000s\000i\000o\000n}{chapter.3}% 59
\BOOKMARK [0][-]{chapter.4}{\376\377\000S\000p\000r\000i\000n\000t\000\040\0002\000\040\040\024\000\040\000V\000i\000d\000e\000o\000\040\000I\000n\000d\000e\000x\000i\000n\000g\000\040\000a\000n\000d\000\040\000K\000e\000y\000w\000o\000r\000d\000\040\000S\000e\000a\000r\000c\000h}{}% 60
\BOOKMARK [1][-]{section*.56}{\376\377\000I\000n\000t\000r\000o\000d\000u\000c\000t\000i\000o\000n}{chapter.4}% 61
\BOOKMARK [1][-]{section.4.1}{\376\377\000S\000p\000r\000i\000n\000t\000\040\000B\000a\000c\000k\000l\000o\000g}{chapter.4}% 62
\BOOKMARK [1][-]{section.4.2}{\376\377\000D\000e\000s\000i\000g\000n}{chapter.4}% 63
\BOOKMARK [2][-]{subsection.4.2.1}{\376\377\000U\000s\000e\000\040\000C\000a\000s\000e\000\040\000D\000i\000a\000g\000r\000a\000m\000\040\000f\000o\000r\000\040\000S\000p\000r\000i\000n\000t\000\040\0002}{section.4.2}% 64
\BOOKMARK [2][-]{subsection.4.2.2}{\376\377\000C\000l\000a\000s\000s\000\040\000D\000i\000a\000g\000r\000a\000m\000\040\000f\000o\000r\000\040\000S\000p\000r\000i\000n\000t\000\040\0002}{section.4.2}% 65
\BOOKMARK [2][-]{subsection.4.2.3}{\376\377\000S\000e\000q\000u\000e\000n\000c\000e\000\040\000D\000i\000a\000g\000r\000a\000m\000:\000\040\000V\000i\000d\000e\000o\000\040\000I\000n\000d\000e\000x\000i\000n\000g}{section.4.2}% 66
\BOOKMARK [1][-]{section.4.3}{\376\377\000I\000m\000p\000l\000e\000m\000e\000n\000t\000a\000t\000i\000o\000n}{chapter.4}% 67
\BOOKMARK [2][-]{subsection.4.3.1}{\376\377\000F\000l\000a\000s\000k\000\040\000+\000\040\000F\000l\000a\000s\000k\000-\000R\000E\000S\000T\000X\000\040\000w\000i\000t\000h\000\040\000O\000p\000e\000n\000S\000e\000a\000r\000c\000h\000\040\000C\000l\000i\000e\000n\000t\000\040\000I\000n\000j\000e\000c\000t\000i\000o\000n}{section.4.3}% 68
\BOOKMARK [2][-]{subsection.4.3.2}{\376\377\000I\000n\000d\000e\000x\000i\000n\000g\000\040\000i\000n\000\040\000O\000p\000e\000n\000S\000e\000a\000r\000c\000h}{section.4.3}% 69
\BOOKMARK [2][-]{subsection.4.3.3}{\376\377\000K\000e\000y\000w\000o\000r\000d\000\040\000S\000e\000a\000r\000c\000h\000\040\000\050\000B\000M\0002\0005\000\051}{section.4.3}% 70
\BOOKMARK [2][-]{subsection.4.3.4}{\376\377\000F\000a\000c\000e\000t\000s\000\040\000a\000n\000d\000\040\000F\000i\000l\000t\000e\000r\000\040\000S\000i\000d\000e\000b\000a\000r}{section.4.3}% 71
\BOOKMARK [2][-]{subsection.4.3.5}{\376\377\000D\000e\000l\000i\000v\000e\000r\000e\000d\000\040\000I\000n\000t\000e\000r\000f\000a\000c\000e\000s}{section.4.3}% 72
\BOOKMARK [1][-]{figure.caption.63}{\376\377\000C\000o\000n\000c\000l\000u\000s\000i\000o\000n}{chapter.4}% 73
\BOOKMARK [0][-]{chapter.5}{\376\377\000S\000p\000r\000i\000n\000t\000\040\0003\000\040\040\024\000\040\000S\000e\000m\000a\000n\000t\000i\000c\000\040\000a\000n\000d\000\040\000P\000a\000r\000a\000l\000l\000e\000l\000\040\000S\000e\000a\000r\000c\000h\000\040\000w\000i\000t\000h\000\040\000R\000a\000n\000k\000i\000n\000g}{}% 74
\BOOKMARK [1][-]{section*.64}{\376\377\000I\000n\000t\000r\000o\000d\000u\000c\000t\000i\000o\000n}{chapter.5}% 75
\BOOKMARK [1][-]{section.5.1}{\376\377\000S\000p\000r\000i\000n\000t\000\040\000B\000a\000c\000k\000l\000o\000g}{chapter.5}% 76
\BOOKMARK [1][-]{section.5.2}{\376\377\000D\000e\000s\000i\000g\000n}{chapter.5}% 77
\BOOKMARK [2][-]{subsection.5.2.1}{\376\377\000U\000s\000e\000\040\000C\000a\000s\000e\000\040\000D\000i\000a\000g\000r\000a\000m\000\040\000f\000o\000r\000\040\000S\000p\000r\000i\000n\000t\000\040\0003}{section.5.2}% 78
\BOOKMARK [2][-]{subsection.5.2.2}{\376\377\000C\000l\000a\000s\000s\000\040\000D\000i\000a\000g\000r\000a\000m\000\040\000f\000o\000r\000\040\000S\000p\000r\000i\000n\000t\000\040\0003}{section.5.2}% 79
\BOOKMARK [2][-]{subsection.5.2.3}{\376\377\000S\000e\000q\000u\000e\000n\000c\000e\000\040\000D\000i\000a\000g\000r\000a\000m\000:\000\040\000A\000d\000v\000a\000n\000c\000e\000d\000\040\000V\000i\000d\000e\000o\000\040\000S\000e\000a\000r\000c\000h}{section.5.2}% 80
\BOOKMARK [1][-]{section.5.3}{\376\377\000I\000m\000p\000l\000e\000m\000e\000n\000t\000a\000t\000i\000o\000n}{chapter.5}% 81
\BOOKMARK [2][-]{subsection.5.3.1}{\376\377\000E\000m\000b\000e\000d\000d\000i\000n\000g\000\040\000M\000o\000d\000e\000l\000\040\000a\000n\000d\000\040\000I\000n\000d\000e\000x\000\040\000M\000a\000p\000p\000i\000n\000g}{section.5.3}% 82
\BOOKMARK [2][-]{subsection.5.3.2}{\376\377\000V\000e\000c\000t\000o\000r\000\040\000S\000e\000a\000r\000c\000h}{section.5.3}% 83
\BOOKMARK [2][-]{subsection.5.3.3}{\376\377\000P\000a\000r\000a\000l\000l\000e\000l\000\040\000R\000e\000t\000r\000i\000e\000v\000a\000l\000\040\000a\000n\000d\000\040\000R\000a\000n\000k\000i\000n\000g\000\040\000P\000i\000p\000e\000l\000i\000n\000e}{section.5.3}% 84
\BOOKMARK [1][-]{equation.5.3.2}{\376\377\000C\000o\000n\000c\000l\000u\000s\000i\000o\000n}{chapter.5}% 85
\BOOKMARK [0][-]{chapter.6}{\376\377\000S\000p\000r\000i\000n\000t\000\040\0004\000\040\040\024\000\040\000A\000g\000e\000n\000t\000i\000c\000\040\000H\000e\000l\000p\000e\000r\000:\000\040\000R\000A\000G\000\040\000a\000n\000d\000\040\000C\000l\000a\000s\000s\000i\000f\000i\000e\000r\000\040\000P\000i\000p\000e\000l\000i\000n\000e}{}% 86
\BOOKMARK [1][-]{section*.69}{\376\377\000I\000n\000t\000r\000o\000d\000u\000c\000t\000i\000o\000n}{chapter.6}% 87
\BOOKMARK [1][-]{section.6.1}{\376\377\000S\000p\000r\000i\000n\000t\000\040\000B\000a\000c\000k\000l\000o\000g}{chapter.6}% 88
\BOOKMARK [1][-]{section.6.2}{\376\377\000D\000e\000s\000i\000g\000n}{chapter.6}% 89
\BOOKMARK [2][-]{subsection.6.2.1}{\376\377\000U\000s\000e\000\040\000C\000a\000s\000e\000\040\000D\000i\000a\000g\000r\000a\000m\000\040\000f\000o\000r\000\040\000S\000p\000r\000i\000n\000t\000\040\0004}{section.6.2}% 90
\BOOKMARK [2][-]{subsection.6.2.2}{\376\377\000C\000l\000a\000s\000s\000\040\000D\000i\000a\000g\000r\000a\000m\000\040\000f\000o\000r\000\040\000S\000p\000r\000i\000n\000t\000\040\0004}{section.6.2}% 91
\BOOKMARK [2][-]{subsection.6.2.3}{\376\377\000S\000e\000q\000u\000e\000n\000c\000e\000\040\000D\000i\000a\000g\000r\000a\000m\000:\000\040\000Q\000d\000r\000a\000n\000t\000\040\000R\000e\000t\000r\000i\000e\000v\000a\000l}{section.6.2}% 92
\BOOKMARK [1][-]{section.6.3}{\376\377\000I\000m\000p\000l\000e\000m\000e\000n\000t\000a\000t\000i\000o\000n}{chapter.6}% 93
\BOOKMARK [2][-]{subsection.6.3.1}{\376\377\000A\000g\000e\000n\000t\000i\000c\000\040\000H\000e\000l\000p\000e\000r\000\040\000E\000n\000t\000r\000y\000\040\000P\000o\000i\000n\000t}{section.6.3}% 94
\BOOKMARK [2][-]{subsection.6.3.2}{\376\377\000R\000e\000t\000r\000i\000e\000v\000a\000l\000-\000A\000u\000g\000m\000e\000n\000t\000e\000d\000\040\000G\000e\000n\000e\000r\000a\000t\000i\000o\000n\000\040\000\050\000R\000A\000G\000\051}{section.6.3}% 95
\BOOKMARK [2][-]{subsection.6.3.3}{\376\377\000T\000w\000o\000-\000L\000e\000v\000e\000l\000\040\000C\000l\000a\000s\000s\000i\000f\000i\000c\000a\000t\000i\000o\000n\000\040\000P\000i\000p\000e\000l\000i\000n\000e}{section.6.3}% 96
\BOOKMARK [2][-]{subsection.6.3.4}{\376\377\000P\000r\000o\000m\000p\000t\000\040\000E\000n\000g\000i\000n\000e\000e\000r\000i\000n\000g\000\040\000a\000n\000d\000\040\000M\000a\000n\000a\000g\000e\000m\000e\000n\000t}{section.6.3}% 97
\BOOKMARK [2][-]{subsection.6.3.5}{\376\377\000M\000e\000m\000o\000r\000y\000\040\000M\000a\000n\000a\000g\000e\000m\000e\000n\000t}{section.6.3}% 98
\BOOKMARK [2][-]{subsection.6.3.6}{\376\377\000D\000e\000l\000i\000v\000e\000r\000e\000d\000\040\000I\000n\000t\000e\000r\000f\000a\000c\000e\000s}{section.6.3}% 99
\BOOKMARK [1][-]{figure.caption.74}{\376\377\000C\000o\000n\000c\000l\000u\000s\000i\000o\000n}{chapter.6}% 100
\BOOKMARK [0][-]{chapter.7}{\376\377\000S\000p\000r\000i\000n\000t\000\040\0005\000\040\040\024\000\040\000S\000e\000a\000r\000c\000h\000\040\000O\000r\000c\000h\000e\000s\000t\000r\000a\000t\000o\000r\000,\000\040\000V\000o\000i\000c\000e\000\040\000T\000r\000a\000n\000s\000c\000r\000i\000p\000t\000i\000o\000n\000\040\000a\000n\000d\000\040\000P\000o\000r\000t\000a\000l\000s}{}% 101
\BOOKMARK [1][-]{section*.75}{\376\377\000I\000n\000t\000r\000o\000d\000u\000c\000t\000i\000o\000n}{chapter.7}% 102
\BOOKMARK [1][-]{section.7.1}{\376\377\000S\000p\000r\000i\000n\000t\000\040\000B\000a\000c\000k\000l\000o\000g}{chapter.7}% 103
\BOOKMARK [1][-]{section.7.2}{\376\377\000D\000e\000s\000i\000g\000n}{chapter.7}% 104
\BOOKMARK [2][-]{subsection.7.2.1}{\376\377\000U\000s\000e\000\040\000C\000a\000s\000e\000\040\000D\000i\000a\000g\000r\000a\000m\000\040\000f\000o\000r\000\040\000S\000p\000r\000i\000n\000t\000\040\0005}{section.7.2}% 105
\BOOKMARK [2][-]{subsection.7.2.2}{\376\377\000C\000l\000a\000s\000s\000\040\000D\000i\000a\000g\000r\000a\000m\000\040\000f\000o\000r\000\040\000S\000p\000r\000i\000n\000t\000\040\0005}{section.7.2}% 106
\BOOKMARK [2][-]{subsection.7.2.3}{\376\377\000S\000e\000q\000u\000e\000n\000c\000e\000\040\000D\000i\000a\000g\000r\000a\000m\000s}{section.7.2}% 107
\BOOKMARK [1][-]{section.7.3}{\376\377\000I\000m\000p\000l\000e\000m\000e\000n\000t\000a\000t\000i\000o\000n}{chapter.7}% 108
\BOOKMARK [2][-]{subsection.7.3.1}{\376\377\000v\0002\000\040\000A\000g\000e\000n\000t\000i\000c\000\040\000H\000e\000l\000p\000e\000r\000\040\000A\000r\000c\000h\000i\000t\000e\000c\000t\000u\000r\000e}{section.7.3}% 109
\BOOKMARK [2][-]{subsection.7.3.2}{\376\377\000D\000e\000t\000e\000r\000m\000i\000n\000i\000s\000t\000i\000c\000\040\000A\000d\000v\000a\000n\000c\000e\000d\000\040\000V\000i\000d\000e\000o\000\040\000S\000e\000a\000r\000c\000h}{section.7.3}% 110
\BOOKMARK [2][-]{subsection.7.3.3}{\376\377\000S\000e\000m\000a\000n\000t\000i\000c\000\040\000Q\000u\000e\000r\000y\000\040\000E\000n\000r\000i\000c\000h\000m\000e\000n\000t\000\040\000f\000o\000r\000\040\000V\000i\000d\000e\000o\000\040\000S\000e\000a\000r\000c\000h}{section.7.3}% 111
\BOOKMARK [2][-]{subsection.7.3.4}{\376\377\000M\000e\000m\000o\000r\000y\000,\000\040\000C\000i\000t\000a\000t\000i\000o\000n\000s\000\040\000a\000n\000d\000\040\000R\000e\000l\000i\000a\000b\000i\000l\000i\000t\000y}{section.7.3}% 112
\BOOKMARK [2][-]{subsection.7.3.5}{\376\377\000A\000g\000e\000n\000t\000i\000c\000\040\000R\000A\000G\000\040\000P\000i\000p\000e\000l\000i\000n\000e}{section.7.3}% 113
\BOOKMARK [2][-]{subsection.7.3.6}{\376\377\000V\000o\000i\000c\000e\000\040\000T\000r\000a\000n\000s\000c\000r\000i\000p\000t\000i\000o\000n\000\040\000P\000i\000p\000e\000l\000i\000n\000e}{section.7.3}% 114
\BOOKMARK [2][-]{subsection.7.3.7}{\376\377\000N\000e\000x\000t\000.\000j\000s\000\040\000P\000o\000r\000t\000a\000l\000s}{section.7.3}% 115
\BOOKMARK [2][-]{subsection.7.3.8}{\376\377\000F\000A\000Q\000\040\000V\000e\000c\000t\000o\000r\000\040\000A\000d\000m\000i\000n\000i\000s\000t\000r\000a\000t\000i\000o\000n}{section.7.3}% 116
\BOOKMARK [2][-]{subsection.7.3.9}{\376\377\000D\000e\000l\000i\000v\000e\000r\000e\000d\000\040\000I\000n\000t\000e\000r\000f\000a\000c\000e\000s}{section.7.3}% 117
\BOOKMARK [1][-]{figure.caption.101}{\376\377\000C\000o\000n\000c\000l\000u\000s\000i\000o\000n}{chapter.7}% 118
\BOOKMARK [0][-]{chapter.8}{\376\377\000S\000p\000r\000i\000n\000t\000\040\0006\000\040\040\024\000\040\000P\000e\000r\000s\000o\000n\000a\000l\000i\000z\000e\000d\000\040\000R\000e\000c\000o\000m\000m\000e\000n\000d\000a\000t\000i\000o\000n\000s}{}% 119
\BOOKMARK [1][-]{section*.102}{\376\377\000I\000n\000t\000r\000o\000d\000u\000c\000t\000i\000o\000n}{chapter.8}% 120
\BOOKMARK [1][-]{section.8.1}{\376\377\000S\000p\000r\000i\000n\000t\000\040\000B\000a\000c\000k\000l\000o\000g}{chapter.8}% 121
\BOOKMARK [1][-]{section.8.2}{\376\377\000D\000e\000s\000i\000g\000n}{chapter.8}% 122
\BOOKMARK [2][-]{subsection.8.2.1}{\376\377\000U\000s\000e\000\040\000C\000a\000s\000e\000\040\000D\000i\000a\000g\000r\000a\000m\000\040\000f\000o\000r\000\040\000S\000p\000r\000i\000n\000t\000\040\0006}{section.8.2}% 123
\BOOKMARK [2][-]{subsection.8.2.2}{\376\377\000R\000e\000c\000o\000m\000m\000e\000n\000d\000a\000t\000i\000o\000n\000\040\000A\000l\000g\000o\000r\000i\000t\000h\000m\000\040\000O\000v\000e\000r\000v\000i\000e\000w}{section.8.2}% 124
\BOOKMARK [2][-]{subsection.8.2.3}{\376\377\000S\000e\000q\000u\000e\000n\000c\000e\000\040\000D\000i\000a\000g\000r\000a\000m\000s}{section.8.2}% 125
\BOOKMARK [1][-]{section.8.3}{\376\377\000I\000m\000p\000l\000e\000m\000e\000n\000t\000a\000t\000i\000o\000n}{chapter.8}% 126
\BOOKMARK [2][-]{subsection.8.3.1}{\376\377\000R\000e\000c\000o\000m\000m\000e\000n\000d\000a\000t\000i\000o\000n\000\040\000M\000o\000d\000u\000l\000e}{section.8.3}% 127
\BOOKMARK [2][-]{subsection.8.3.2}{\376\377\000M\000o\000d\000u\000l\000e\000\040\000R\000e\000g\000i\000s\000t\000r\000a\000t\000i\000o\000n}{section.8.3}% 128
\BOOKMARK [2][-]{subsection.8.3.3}{\376\377\000F\000r\000o\000n\000t\000e\000n\000d\000\040\000I\000n\000t\000e\000g\000r\000a\000t\000i\000o\000n}{section.8.3}% 129
\BOOKMARK [1][-]{figure.caption.113}{\376\377\000C\000o\000n\000c\000l\000u\000s\000i\000o\000n}{chapter.8}% 130
\BOOKMARK [0][-]{chapter*.114}{\376\377\000G\000e\000n\000e\000r\000a\000l\000\040\000C\000o\000n\000c\000l\000u\000s\000i\000o\000n\000\040\000a\000n\000d\000\040\000P\000e\000r\000s\000p\000e\000c\000t\000i\000v\000e\000s}{}% 131
\BOOKMARK [0][-]{chapter*.115}{\376\377\000W\000e\000b\000o\000g\000r\000a\000p\000h\000y}{}% 132
